<?xml version="1.0" encoding="UTF-8"?>
<!-- Generated by org.testng.reporters.JUnitReportReporter -->
<testsuite hostname="NVUPKOOR-58LUQ" name="Examples.NewTest" tests="1" failures="0" timestamp="23 Jun 2016 15:40:11 GMT" time="15.212" errors="0">
  <testcase name="f" time="15.212" classname="Examples.NewTest"/>
</testsuite> <!-- Examples.NewTest -->
